Intel-8051 Macro Assembler - Version 1.00

      1    0000                           		ORG 	0000H
      2    0000     78 32                 START:	MOV 	R0,	#OK - TABLE + 1
      3    0002     90 00 1F              		MOV 	DPTR, 	#TABLE
      4    0005     79 00                 		MOV		R1,	#00H
      5    0007                           
      6    0007     E9                    LOOP:	MOV		A, 	R1
      7    0008     93                    		MOVC 	A, @A+DPTR
      8    0009     F5 80                 		MOV		P0,	A
      9    000B     11 12                 		ACALL	DELAY
     10    000D     09                    		INC		R1
     11    000E                           
     12    000E     D8 F7                 		DJNZ	R0, LOOP
     13    0010     01 00                 		AJMP	START
     14    0012                           
     15    0012     7D 02                 DELAY:	MOV		R5, #2
     16    0014     7E FA                 DL1:	MOV		R6, #250
     17    0016     7F C8                 DL2:	MOV		R7,	#200
     18    0018     DF FE                 DL3:	DJNZ 	R7, DL3
     19    001A     DE FA                 		DJNZ	R6, DL2
     20    001C     DD F6                 		DJNZ	R5, DL1
     21    001E     22                    		RET
     22    001F                           
     23    001F     81                    TABLE:	DB		10000001B
     24    0020     C3                    		DB		11000011B
     25    0021     E7                    		DB		11100111B
     26    0022     FF                    		DB		11111111B
     27    0023     E7                    		DB		11100111B
     28    0024     C3                    		DB		11000011B
     29    0025     81                    		DB		10000001B
     30    0026     00                    		DB		00000000B
     31    0027                           ;
     32    0027     81                    		DB		10000001B
     33    0028     C3                    		DB		11000011B
     34    0029     E7                    		DB		11100111B
     35    002A     FF                    		DB		11111111B
     36    002B     E7                    		DB		11100111B
     37    002C     C3                    		DB		11000011B
     38    002D     81                    		DB		10000001B
     39    002E     00                    		DB		00000000B
     40    002F                           ;
     41    002F     FF                    		DB		11111111B
     42    0030     00                    		DB		00000000B
     43    0031     FF                    		DB		11111111B
     44    0032     00                    OK:		DB		00000000B
     45    0033                           ;
     46    0033                           		END
